Log started at 27.11.2022 01:52:02 (2022-11-27T00:52:02Z)
No config file at C:\Users\Lukasz\Documents\Unreal Engine\UnrealBuildTool\BuildConfiguration.xml
Configuration will be read from:
  C:\Users\Lukasz\AppData\Roaming\Unreal Engine\UnrealBuildTool\BuildConfiguration.xml
Log file: C:\Users\Lukasz\Documents\GitHub\Westerplatte-1939\Westerplatte1939\Saved\Logs\UnrealVersionSelector-2022.11.27-01.52.02.log

Note: Android toolchain NDK r21b recommended
Found Windows 10 SDK root at C:\Program Files (x86)\Windows Kits\10 (1)
Found Windows 10 SDK root at C:\Program Files (x86)\Windows Kits\10 (2)
Found Windows 10 SDK version 10.0.19041.0 at C:\Program Files (x86)\Windows Kits\10
Found Universal CRT version 10.0.19041.0 at C:\Program Files (x86)\Windows Kits\10
HoloLens using Manual SDK 10.0.19041.0
Win64 using Manual SDK 10.0.19041.0
Log file: C:\Users\Lukasz\AppData\Local\UnrealBuildTool\Log_GPF.txt
Deleting old log file: C:\Users\Lukasz\AppData\Local\UnrealBuildTool\Log_GPF-backup-2022.10.24-16.20.49.txt

---   SDK INFO START   ---

Some Platforms were skipped due to invalid SDK setup: IOS, Android, Linux, LinuxArm64, TVOS.
See the log file for detailed information

---   SDK INFO END   ---

Discovering modules, targets and source code for project...
Found Visual Studio installation: C:\Program Files (x86)\Microsoft Visual Studio\2019\Community (Product=Microsoft.VisualStudio.Product.Community, Version=16.11.33027.164)
Found Visual Studio toolchain: C:\Program Files (x86)\Microsoft Visual Studio\2019\Community\VC\Tools\MSVC\14.29.30133 (Family=14.29.30133, FamilyRank=0, Version=14.29.30147, Is64Bit=True, Preview=False, Architecture=x64, Error=False, Redist=C:\Program Files (x86)\Microsoft Visual Studio\2019\Community\VC\Redist\MSVC\14.29.30133)
Skipping D:\UE_5.0\Engine\Intermediate\Build\BuildRules\UE5Rules.dll: File is installed
Skipping D:\UE_5.0\Engine\Intermediate\Build\BuildRules\UE5ProgramRules.dll: File is installed
ERROR: Could not find NetFxSDK install dir; this will prevent SwarmInterface from installing.  Install a version of .NET Framework SDK at 4.6.0 or higher.
BuildException: Could not find NetFxSDK install dir; this will prevent SwarmInterface from installing.  Install a version of .NET Framework SDK at 4.6.0 or higher.
   at UnrealBuildTool.VCEnvironment.SetupEnvironment(UnrealTargetPlatform Platform) in d:\build\++UE5\Sync\Engine\Source\Programs\UnrealBuildTool\Platform\Windows\VCEnvironment.cs:line 349
   at UnrealBuildTool.VCEnvironment..ctor(VCEnvironmentParameters Params) in d:\build\++UE5\Sync\Engine\Source\Programs\UnrealBuildTool\Platform\Windows\VCEnvironment.cs:line 133
   at UnrealBuildTool.VCEnvironment.Create(VCEnvironmentParameters Params) in d:\build\++UE5\Sync\Engine\Source\Programs\UnrealBuildTool\Platform\Windows\VCEnvironment.cs:line 401
   at UnrealBuildTool.VCEnvironment.Create(WindowsCompiler Compiler, UnrealTargetPlatform Platform, WindowsArchitecture Architecture, String CompilerVersion, String WindowsSdkVersion, String SuppliedSdkDirectoryForVersion) in d:\build\++UE5\Sync\Engine\Source\Programs\UnrealBuildTool\Platform\Windows\VCEnvironment.cs:line 393
   at UnrealBuildTool.WindowsPlatform.CreateVCEnvironment(TargetRules Target) in d:\build\++UE5\Sync\Engine\Source\Programs\UnrealBuildTool\Platform\Windows\UEBuildWindows.cs:line 931
   at UnrealBuildTool.WindowsPlatform.ValidateTarget(TargetRules Target) in d:\build\++UE5\Sync\Engine\Source\Programs\UnrealBuildTool\Platform\Windows\UEBuildWindows.cs:line 1026
   at UnrealBuildTool.RulesAssembly.CreateTargetRulesInstance(String TypeName, TargetInfo TargetInfo) in d:\build\++UE5\Sync\Engine\Source\Programs\UnrealBuildTool\System\RulesAssembly.cs:line 668
   at UnrealBuildTool.RulesAssembly.CreateTargetRules(String TargetName, UnrealTargetPlatform Platform, UnrealTargetConfiguration Configuration, String Architecture, FileReference ProjectFile, CommandLineArguments Arguments) in d:\build\++UE5\Sync\Engine\Source\Programs\UnrealBuildTool\System\RulesAssembly.cs:line 723
   at UnrealBuildTool.ProjectFileGenerator.AddProjectsForAllTargets(PlatformProjectGeneratorCollection PlatformProjectGenerators, List`1 AllGames, List`1 AllTargetFiles, String[] Arguments, ProjectFile& EngineProject, List`1& GameProjects, Dictionary`2& ProgramProjects, Dictionary`2& RulesAssemblies) in d:\build\++UE5\Sync\Engine\Source\Programs\UnrealBuildTool\ProjectFiles\ProjectFileGenerator.cs:line 2390
   at UnrealBuildTool.ProjectFileGenerator.GenerateProjectFiles(PlatformProjectGeneratorCollection PlatformProjectGenerators, String[] Arguments) in d:\build\++UE5\Sync\Engine\Source\Programs\UnrealBuildTool\ProjectFiles\ProjectFileGenerator.cs:line 891
   at UnrealBuildTool.GenerateProjectFilesMode.Execute(CommandLineArguments Arguments) in d:\build\++UE5\Sync\Engine\Source\Programs\UnrealBuildTool\Modes\GenerateProjectFilesMode.cs:line 234
   at UnrealBuildTool.UnrealBuildTool.Main(String[] ArgumentsArray) in d:\build\++UE5\Sync\Engine\Source\Programs\UnrealBuildTool\UnrealBuildTool.cs:line 612
WriteFileIfChanged() wrote 0 changed files of 0 requested writes.
Timeline:

[ 0.000]
[ 0.000](+0.503) <unknown>
[ 0.503]
